<?xml version="1.0" encoding="UTF-8" ?>
<testsuite errors="0" failures="1" hostname="Warglaive" name="PasswordTest" skipped="0" tests="6" time="0.214" timestamp="2019-09-06T18:27:18">
  <properties>
[...]
</properties>
  <testcase classname="PasswordTest" name="asksAndAnswersWhenRight" time="0.019" />
  <testcase classname="PasswordTest" name="asksAndAnswersWhenWrong" time="0.002" />
  <testcase classname="PasswordTest" name="ohjelmaKysyyKunnesRight" time="0.002" />
  <testcase classname="PasswordTest" name="ohjelmaLopettaaKyselynKunRight" time="0.001" />
  <testcase classname="PasswordTest" name="ohjelmaKysyyUudelleenKunVaarin" time="0.008">
    <failure message="Program should keep asking the password until it is given correctly" type="junit.framework.AssertionFailedError">junit.framework.AssertionFailedError: Program should keep asking the password until it is given correctly
	at PasswordTest.ohjelmaKysyyUudelleenKunVaarin(PasswordTest.java:93)
	at fi.helsinki.cs.tmc.edutestutils.MockStdio$1.evaluate(MockStdio.java:106)
</failure>
  </testcase>
  <testcase classname="PasswordTest" name="lopussaSalaisuus" time="0.001" />
  <system-out><![CDATA[]]></system-out>
  <system-err><![CDATA[]]></system-err>
</testsuite>
